\BOOKMARK [1][-]{Doc-Start}{\376\377\004\022\004\062\004\065\004\064\004\065\004\075\004\070\004\065}{}% 1
\BOOKMARK [1][-]{section.1}{\376\377\004\037\004\076\004\101\004\102\004\060\004\075\004\076\004\062\004\072\004\060\000\040\004\067\004\060\004\064\004\060\004\107\004\070\000\040\004\070\000\040\004\074\004\076\004\064\004\065\004\073\004\114\000\040\004\064\004\060\004\075\004\075\004\113\004\105}{}% 2
\BOOKMARK [2][-]{subsection.1.1}{\376\377\004\041\004\076\004\101\004\102\004\060\004\062\000\040\004\100\004\065\004\077\004\076\004\067\004\070\004\102\004\076\004\100\004\070\004\117}{section.1}% 3
\BOOKMARK [2][-]{subsection.1.2}{\376\377\004\044\004\060\004\072\004\102\004\070\004\107\004\065\004\101\004\072\004\060\004\117\000\040\004\101\004\102\004\100\004\103\004\072\004\102\004\103\004\100\004\060\000\040\004\076\004\077\004\065\004\100\004\060\004\106\004\070\004\070}{section.1}% 4
\BOOKMARK [1][-]{section.2}{\376\377\004\040\004\065\004\060\004\073\004\070\004\067\004\060\004\106\004\070\004\117\000\040\004\062\004\060\004\100\004\070\004\060\004\075\004\102\004\060\000\040\004\075\004\060\000\040\000P\000o\000s\000t\000g\000r\000e\000S\000Q\000L}{}% 5
\BOOKMARK [2][-]{subsection.2.1}{\376\377\004\035\004\060\004\067\004\075\004\060\004\107\004\065\004\075\004\070\004\065\000\040\000P\000o\000s\000t\000g\000r\000e\000S\000Q\000L\000-\004\062\004\060\004\100\004\070\004\060\004\075\004\102\004\060}{section.2}% 6
\BOOKMARK [2][-]{subsection.2.2}{\376\377\004\033\004\076\004\063\004\070\004\107\004\065\004\101\004\072\004\060\004\117\000\040\004\070\000\040\004\104\004\070\004\067\004\070\004\107\004\065\004\101\004\072\004\060\004\117\000\040\004\101\004\105\004\065\004\074\004\060}{section.2}% 7
\BOOKMARK [2][-]{subsection.2.3}{\376\377\004\046\004\065\004\073\004\076\004\101\004\102\004\075\004\076\004\101\004\102\004\114\000\040\004\070\000\040\004\075\004\076\004\100\004\074\004\060\004\073\004\070\004\067\004\060\004\106\004\070\004\117}{section.2}% 8
\BOOKMARK [2][-]{subsection.2.4}{\376\377\004\036\004\101\004\075\004\076\004\062\004\075\004\113\004\065\000\040\004\101\004\106\004\065\004\075\004\060\004\100\004\070\004\070\000\040\004\067\004\060\004\077\004\100\004\076\004\101\004\076\004\062}{section.2}% 9
\BOOKMARK [2][-]{subsection.2.5}{\376\377\004\044\004\100\004\060\004\063\004\074\004\065\004\075\004\102\000\040\000S\000Q\000L\000-\004\101\004\105\004\065\004\074\004\113}{section.2}% 10
\BOOKMARK [2][-]{subsection.2.6}{\376\377\004\037\004\100\004\065\004\070\004\074\004\103\004\111\004\065\004\101\004\102\004\062\004\060\000\040\004\070\000\040\004\076\004\063\004\100\004\060\004\075\004\070\004\107\004\065\004\075\004\070\004\117}{section.2}% 11
\BOOKMARK [1][-]{section.3}{\376\377\004\040\004\065\004\060\004\073\004\070\004\067\004\060\004\106\004\070\004\117\000\040\004\062\004\060\004\100\004\070\004\060\004\075\004\102\004\060\000\040\004\075\004\060\000\040\000M\000o\000n\000g\000o\000D\000B}{}% 12
\BOOKMARK [2][-]{subsection.3.1}{\376\377\004\035\004\060\004\067\004\075\004\060\004\107\004\065\004\075\004\070\004\065\000\040\000M\000o\000n\000g\000o\000D\000B\000-\004\062\004\060\004\100\004\070\004\060\004\075\004\102\004\060}{section.3}% 13
\BOOKMARK [2][-]{subsection.3.2}{\376\377\004\022\004\113\004\061\004\100\004\060\004\075\004\075\004\060\004\117\000\040\004\064\004\076\004\072\004\103\004\074\004\065\004\075\004\102\004\075\004\060\004\117\000\040\004\074\004\076\004\064\004\065\004\073\004\114}{section.3}% 14
\BOOKMARK [2][-]{subsection.3.3}{\376\377\004\030\004\075\004\064\004\065\004\072\004\101\004\060\004\106\004\070\004\117\000\040\004\070\000\040\004\101\004\106\004\065\004\075\004\060\004\100\004\070\004\070\000\040\004\107\004\102\004\065\004\075\004\070\004\117}{section.3}% 15
\BOOKMARK [2][-]{subsection.3.4}{\376\377\004\037\004\100\004\065\004\070\004\074\004\103\004\111\004\065\004\101\004\102\004\062\004\060\000\040\004\070\000\040\004\076\004\063\004\100\004\060\004\075\004\070\004\107\004\065\004\075\004\070\004\117}{section.3}% 16
\BOOKMARK [2][-]{subsection.3.5}{\376\377\004\044\004\100\004\060\004\063\004\074\004\065\004\075\004\102\000\040\004\070\004\075\004\070\004\106\004\070\004\060\004\073\004\070\004\067\004\060\004\106\004\070\004\070\000\040\000M\000o\000n\000g\000o\000D\000B}{section.3}% 17
\BOOKMARK [2][-]{subsection.3.6}{\376\377\004\035\004\060\004\061\004\073\004\116\004\064\004\065\004\075\004\070\004\117\000\040\004\077\004\076\000\040\004\115\004\072\004\101\004\077\004\065\004\100\004\070\004\074\004\065\004\075\004\102\004\060\004\073\004\114\004\075\004\113\004\074\000\040\004\064\004\060\004\075\004\075\004\113\004\074}{section.3}% 18
\BOOKMARK [1][-]{section.4}{\376\377\004\022\004\060\004\100\004\070\004\060\004\075\004\102\000\040\004\075\004\060\000\040\000Y\000T\000s\000a\000u\000r\000u\000s}{}% 19
\BOOKMARK [2][-]{subsection.4.1}{\376\377\004\036\004\061\004\111\004\060\004\117\000\040\004\105\004\060\004\100\004\060\004\072\004\102\004\065\004\100\004\070\004\101\004\102\004\070\004\072\004\060\000\040\004\077\004\073\004\060\004\102\004\104\004\076\004\100\004\074\004\113}{section.4}% 20
\BOOKMARK [2][-]{subsection.4.2}{\376\377\004\055\004\072\004\101\004\077\004\065\004\100\004\070\004\074\004\065\004\075\004\102\004\060\004\073\004\114\004\075\004\076\004\065\000\040\004\076\004\072\004\100\004\103\004\066\004\065\004\075\004\070\004\065}{section.4}% 21
\BOOKMARK [2][-]{subsection.4.3}{\376\377\004\040\004\065\004\060\004\073\004\070\004\067\004\076\004\062\004\060\004\075\004\075\004\060\004\117\000\040\004\074\004\076\004\064\004\065\004\073\004\114\000\040\004\105\004\100\004\060\004\075\004\065\004\075\004\070\004\117}{section.4}% 22
\BOOKMARK [2][-]{subsection.4.4}{\376\377\004\023\004\065\004\075\004\065\004\100\004\060\004\102\004\076\004\100\000\040\004\064\004\060\004\075\004\075\004\113\004\105\000\040\004\070\000\040\004\101\004\106\004\065\004\075\004\060\004\100\004\070\004\070\000\040\004\067\004\060\004\077\004\100\004\076\004\101\004\076\004\062}{section.4}% 23
\BOOKMARK [1][-]{section.5}{\376\377\004\030\004\067\004\074\004\065\004\100\004\065\004\075\004\070\004\117\000\040\004\070\000\040\004\100\004\065\004\067\004\103\004\073\004\114\004\102\004\060\004\102\004\113}{}% 24
\BOOKMARK [2][-]{subsection.5.1}{\376\377\004\035\004\060\004\061\004\076\004\100\000\040\004\072\004\076\004\074\004\060\004\075\004\064\000\040\004\064\004\073\004\117\000\040\004\060\004\075\004\060\004\073\004\070\004\067\004\060}{section.5}% 25
\BOOKMARK [2][-]{subsection.5.2}{\376\377\004\040\004\065\004\067\004\103\004\073\004\114\004\102\004\060\004\102\004\113\000\040\000P\000o\000s\000t\000g\000r\000e\000S\000Q\000L}{section.5}% 26
\BOOKMARK [2][-]{subsection.5.3}{\376\377\004\040\004\065\004\067\004\103\004\073\004\114\004\102\004\060\004\102\004\113\000\040\000M\000o\000n\000g\000o\000D\000B}{section.5}% 27
\BOOKMARK [2][-]{subsection.5.4}{\376\377\004\040\004\065\004\067\004\103\004\073\004\114\004\102\004\060\004\102\004\113\000\040\000Y\000T\000s\000a\000u\000r\000u\000s}{section.5}% 28
\BOOKMARK [2][-]{subsection.5.5}{\376\377\004\037\004\060\004\100\004\060\004\074\004\065\004\102\004\100\004\113\000\040\004\102\004\060\004\061\004\073\004\070\004\106\004\113\000\040\004\070\000\040\004\076\004\061\004\112\004\121\004\074\000\040\004\105\004\100\004\060\004\075\004\065\004\075\004\070\004\117}{section.5}% 29
\BOOKMARK [2][-]{subsection.5.6}{\376\377\004\037\004\100\004\076\004\074\004\065\004\066\004\103\004\102\004\076\004\107\004\075\004\113\004\071\000\040\004\062\004\113\004\062\004\076\004\064}{section.5}% 30
\BOOKMARK [1][-]{subsection.5.6}{\376\377\004\027\004\060\004\072\004\073\004\116\004\107\004\065\004\075\004\070\004\065}{}% 31
\BOOKMARK [1][-]{subsection.5.6}{\376\377\004\037\004\100\004\070\004\073\004\076\004\066\004\065\004\075\004\070\004\065\000\040\004\020\000.\000\040\004\041\004\062\004\076\004\064\004\075\004\113\004\065\000\040\004\100\004\065\004\067\004\103\004\073\004\114\004\102\004\060\004\102\004\113\000\040\000P\000o\000s\000t\000g\000r\000e\000S\000Q\000L}{}% 32
\BOOKMARK [1][-]{table.caption.7}{\376\377\004\037\004\100\004\070\004\073\004\076\004\066\004\065\004\075\004\070\004\065\000\040\004\021\000.\000\040\004\041\004\062\004\076\004\064\004\075\004\113\004\065\000\040\004\100\004\065\004\067\004\103\004\073\004\114\004\102\004\060\004\102\004\113\000\040\000M\000o\000n\000g\000o\000D\000B}{}% 33
\BOOKMARK [1][-]{table.caption.8}{\376\377\004\037\004\100\004\070\004\073\004\076\004\066\004\065\004\075\004\070\004\065\000\040\004\022\000.\000\040\004\041\004\062\004\076\004\064\004\075\004\113\004\065\000\040\004\100\004\065\004\067\004\103\004\073\004\114\004\102\004\060\004\102\004\113\000\040\000Y\000T\000s\000a\000u\000r\000u\000s}{}% 34
\BOOKMARK [1][-]{table.caption.9}{\376\377\004\037\004\100\004\070\004\073\004\076\004\066\004\065\004\075\004\070\004\065\000\040\004\023\000.\000\040\004\041\004\100\004\060\004\062\004\075\004\065\004\075\004\070\004\065\000\040\004\077\004\076\004\064\004\105\004\076\004\064\004\076\004\062\000\040\004\105\004\100\004\060\004\075\004\065\004\075\004\070\004\117}{}% 35
